<?xml version="1.0" encoding="UTF-8"?>
<testng-results skipped="0" failed="0" ignored="0" total="1" passed="1">
  <reporter-output>
  </reporter-output>
  <suite name="Default Suite" duration-ms="37348" started-at="2018-08-01T06:27:59Z" finished-at="2018-08-01T06:28:36Z">
    <groups>
    </groups>
    <test name="seleniumtest" duration-ms="37348" started-at="2018-08-01T06:27:59Z" finished-at="2018-08-01T06:28:36Z">
      <class name="com.test.main.Seleniumtest">
        <test-method status="PASS" signature="defaults()[pri:0, instance:com.test.Seleniumtest@78e67e0a]" name="defaults" is-config="true" duration-ms="26523" started-at="2018-08-01T06:27:59Z" finished-at="2018-08-01T06:28:25Z">
          <reporter-output>
          </reporter-output>
        </test-method> <!-- defaults -->
        <test-method status="PASS" signature="SeleniumTest()[pri:0, instance:com.test.Seleniumtest@78e67e0a]" name="SeleniumTest" duration-ms="10753" started-at="2018-08-01T06:28:25Z" finished-at="2018-08-01T06:28:36Z">
          <reporter-output>
          </reporter-output>
        </test-method> <!-- SeleniumTest -->
      </class> <!-- com.test.main.Seleniumtest -->
    </test> <!-- seleniumtest -->
  </suite> <!-- Default Suite -->
</testng-results>
